[35m[Appium][39m Welcome to Appium v1.21.0
[35m[Appium][39m Non-default server args:
[35m[Appium][39m   port: 53448
[35m[Appium][39m   loglevel: info
[35m[Appium][39m   tmpDir: C:\Users\Andhy\AppData\Local\Temp\\Katalon\Appium\Temp1633260597509
[35m[Appium][39m   chromedriverPort: 53449
[35m[Appium][39m Deprecated server args:
[35m[Appium][39m   [31m--chromedriver-port[39m => --default-capabilities
[35m[Appium][39m Default capabilities, which will be added to each request unless overridden by desired capabilities:
[35m[Appium][39m   chromedriverPort: 53449
[35m[Appium][39m Appium REST http interface listener started on 0.0.0.0:53448
[35m[HTTP][39m [37m-->[39m [37mGET[39m [37m/wd/hub/status[39m
[35m[HTTP][39m [90m{}[39m
[35m[HTTP][39m [37m<-- GET /wd/hub/status [39m[32m200[39m [90m6 ms - 68[39m
[35m[HTTP][39m [90m[39m
[35m[HTTP][39m [37m-->[39m [37mGET[39m [37m/wd/hub/status[39m
[35m[HTTP][39m [90m{}[39m
[35m[HTTP][39m [37m<-- GET /wd/hub/status [39m[32m200[39m [90m1 ms - 68[39m
[35m[HTTP][39m [90m[39m
[35m[HTTP][39m [37m-->[39m [37mPOST[39m [37m/wd/hub/session[39m
[35m[HTTP][39m [90m{"desiredCapabilities":{"app":"C:\\Andhy\\Sourcetree\\miraeMaxFund\\APK\\armeabi_v11a.apk","noReset":true,"deviceName":"samsung SM-J530Y (Android 9)","fullReset":false,"platform":"ANDROID","newCommandTimeout":1800,"platformVersion":"9","automationName":"uiautomator2","autoGrantPermissions":true,"platformName":"Android","udid":"5200f43bfaa9b491","systemPort":54437},"capabilities":{"firstMatch":[{"appium:app":"C:\\Andhy\\Sourcetree\\miraeMaxFund\\APK\\armeabi_v11a.apk","appium:autoGrantPermissions":true,"appium:automationName":"uiautomator2","appium:deviceName":"samsung SM-J530Y (Android 9)","appium:fullReset":false,"appium:newCommandTimeout":1800,"appium:noReset":true,"platform":"ANDROID","platformName":"android","appium:platformVersion":"9","appium:systemPort":54437,"appium:udid":"5200f43bfaa9b491"}]}}[39m
[35m[BaseDriver][39m The following capabilities are not standard capabilities and should have an extension prefix:
[35m[BaseDriver][39m   platform
[35m[BaseDriver][39m   chromedriverPort
[35m[Appium][39m Appium v1.21.0 creating new AndroidUiautomator2Driver (v1.65.0) session
[35m[BaseDriver][39m The following capabilities were provided, but are not recognized by Appium:
[35m[BaseDriver][39m   platform
[35m[BaseDriver][39m Session created with session id: 52320588-818b-4a35-b099-37e67f58a2b2
[35m[BaseDriver][39m Using local app 'C:\Andhy\Sourcetree\miraeMaxFund\APK\armeabi_v11a.apk'
[35m[ADB][39m Found 1 'build-tools' folders under 'C:\Users\Andhy\.katalon\tools\android_sdk' (newest first):
[35m[ADB][39m     C:/Users/Andhy/.katalon/tools/android_sdk/build-tools/29.0.3
[35m[ADB][39m Using 'adb.exe' from 'C:\Users\Andhy\.katalon\tools\android_sdk\platform-tools\adb.exe'
[35m[AndroidDriver][39m Retrieving device list
[35m[AndroidDriver][39m Using device: 5200f43bfaa9b491
[35m[ADB][39m Using 'adb.exe' from 'C:\Users\Andhy\.katalon\tools\android_sdk\platform-tools\adb.exe'
[35m[ADB][39m Getting device platform version
[35m[UiAutomator2][39m Relaxing hidden api policy
[35m[ADB][39m Package name: 'com.mirae.maxfund'
[35m[ADB][39m Main activity name: 'com.mirae.maxfund.MainActivity'
[35m[ADB][39m Using 'apksigner.jar' from 'C:\Users\Andhy\.katalon\tools\android_sdk\build-tools\29.0.3\lib\apksigner.jar'
[35m[ADB][39m 'C:\Users\Andhy\AppData\Roaming\npm\node_modules\appium\node_modules\appium-uiautomator2-server\apks\appium-uiautomator2-server-v4.21.1.apk' is signed with the default certificate
[35m[ADB][39m 'C:\Users\Andhy\AppData\Roaming\npm\node_modules\appium\node_modules\appium-uiautomator2-server\apks\appium-uiautomator2-server-debug-androidTest.apk' is signed with the default certificate
[35m[UiAutomator2][39m Server packages are not going to be (re)installed
[35m[ADB][39m Adding packages ["io.appium.settings","io.appium.uiautomator2.server","io.appium.uiautomator2.server.test"] to Doze whitelist
[35m[ADB][39m 'C:\Andhy\Sourcetree\miraeMaxFund\APK\armeabi_v11a.apk' is signed with a non-default certificate
[35m[UiAutomator2][39m Starting UIAutomator2 server 4.21.1
[35m[UiAutomator2][39m Using UIAutomator2 server from 'C:\Users\Andhy\AppData\Roaming\npm\node_modules\appium\node_modules\appium-uiautomator2-server\apks\appium-uiautomator2-server-v4.21.1.apk' and test from 'C:\Users\Andhy\AppData\Roaming\npm\node_modules\appium\node_modules\appium-uiautomator2-server\apks\appium-uiautomator2-server-debug-androidTest.apk'
[35m[UiAutomator2][39m Waiting up to 30000ms for UiAutomator2 to be online...
[35m[WD Proxy][39m socket hang up
[35m[WD Proxy][39m socket hang up
[35m[WD Proxy][39m socket hang up
[35m[WD Proxy][39m socket hang up
[35m[WD Proxy][39m socket hang up
[35m[WD Proxy][39m Determined the downstream protocol as 'W3C'
[35m[AndroidDriver][39m Screen already unlocked, doing nothing
[35m[UiAutomator2][39m Starting 'com.mirae.maxfund/com.mirae.maxfund.MainActivity and waiting for 'com.mirae.maxfund/com.mirae.maxfund.MainActivity'
[35m[Appium][39m New AndroidUiautomator2Driver session created successfully, session 52320588-818b-4a35-b099-37e67f58a2b2 added to master session list
[35m[HTTP][39m [37m<-- POST /wd/hub/session [39m[32m200[39m [90m14020 ms - 1280[39m
[35m[HTTP][39m [90m[39m
[35m[HTTP][39m [37m-->[39m [37mGET[39m [37m/wd/hub/session/52320588-818b-4a35-b099-37e67f58a2b2[39m
[35m[HTTP][39m [90m{}[39m
[35m[HTTP][39m [37m<-- GET /wd/hub/session/52320588-818b-4a35-b099-37e67f58a2b2 [39m[32m200[39m [90m28 ms - 1234[39m
[35m[HTTP][39m [90m[39m
[35m[HTTP][39m [37m-->[39m [37mGET[39m [37m/wd/hub/session/52320588-818b-4a35-b099-37e67f58a2b2[39m
[35m[HTTP][39m [90m{}[39m
[35m[HTTP][39m [37m<-- GET /wd/hub/session/52320588-818b-4a35-b099-37e67f58a2b2 [39m[32m200[39m [90m25 ms - 1234[39m
[35m[HTTP][39m [90m[39m
[35m[HTTP][39m [37m-->[39m [37mGET[39m [37m/wd/hub/status[39m
[35m[HTTP][39m [90m{}[39m
[35m[HTTP][39m [37m<-- GET /wd/hub/status [39m[32m200[39m [90m1 ms - 68[39m
[35m[HTTP][39m [90m[39m
[35m[HTTP][39m [37m-->[39m [37mPOST[39m [37m/wd/hub/session/52320588-818b-4a35-b099-37e67f58a2b2/timeouts[39m
[35m[HTTP][39m [90m{"implicit":60000}[39m
[35m[HTTP][39m [37m<-- POST /wd/hub/session/52320588-818b-4a35-b099-37e67f58a2b2/timeouts [39m[32m200[39m [90m2 ms - 14[39m
[35m[HTTP][39m [90m[39m
[35m[HTTP][39m [37m-->[39m [37mGET[39m [37m/wd/hub/session/52320588-818b-4a35-b099-37e67f58a2b2/source[39m
[35m[HTTP][39m [90m{}[39m
[35m[W3C (52320588)][39m Driver proxy active, passing request on via HTTP proxy
[35m[WD Proxy][39m Replacing sessionId bab5cb95-a021-44fd-a897-9bd969f3a09c with 52320588-818b-4a35-b099-37e67f58a2b2
[35m[HTTP][39m [37m<-- GET /wd/hub/session/52320588-818b-4a35-b099-37e67f58a2b2/source [39m[32m200[39m [90m1527 ms - 16190[39m
[35m[HTTP][39m [90m[39m
[35m[HTTP][39m [37m-->[39m [37mGET[39m [37m/wd/hub/session/52320588-818b-4a35-b099-37e67f58a2b2/screenshot[39m
[35m[HTTP][39m [90m{}[39m
[35m[HTTP][39m [37m<-- GET /wd/hub/session/52320588-818b-4a35-b099-37e67f58a2b2/screenshot [39m[32m200[39m [90m619 ms - 125330[39m
[35m[HTTP][39m [90m[39m
[35m[HTTP][39m [37m-->[39m [37mGET[39m [37m/wd/hub/session/52320588-818b-4a35-b099-37e67f58a2b2/source[39m
[35m[HTTP][39m [90m{}[39m
[35m[W3C (52320588)][39m Driver proxy active, passing request on via HTTP proxy
[35m[WD Proxy][39m Replacing sessionId bab5cb95-a021-44fd-a897-9bd969f3a09c with 52320588-818b-4a35-b099-37e67f58a2b2
[35m[HTTP][39m [37m<-- GET /wd/hub/session/52320588-818b-4a35-b099-37e67f58a2b2/source [39m[32m200[39m [90m439 ms - 15819[39m
[35m[HTTP][39m [90m[39m
[35m[HTTP][39m [37m-->[39m [37mGET[39m [37m/wd/hub/session/52320588-818b-4a35-b099-37e67f58a2b2/screenshot[39m
[35m[HTTP][39m [90m{}[39m
[35m[HTTP][39m [37m<-- GET /wd/hub/session/52320588-818b-4a35-b099-37e67f58a2b2/screenshot [39m[32m200[39m [90m596 ms - 110042[39m
[35m[HTTP][39m [90m[39m
[35m[HTTP][39m [37m-->[39m [37mPOST[39m [37m/wd/hub/session/52320588-818b-4a35-b099-37e67f58a2b2/elements[39m
[35m[HTTP][39m [90m{"using":"xpath","value":"//*[@class = 'android.view.View' and @resource-id = '' and (@text = '' or . = '')]"}[39m
[35m[HTTP][39m [37m<-- POST /wd/hub/session/52320588-818b-4a35-b099-37e67f58a2b2/elements [39m[32m200[39m [90m828 ms - 3723[39m
[35m[HTTP][39m [90m[39m
[35m[HTTP][39m [37m-->[39m [37mPOST[39m [37m/wd/hub/session/52320588-818b-4a35-b099-37e67f58a2b2/elements[39m
[35m[HTTP][39m [90m{"using":"accessibility id","value":"Stock"}[39m
[35m[HTTP][39m [37m<-- POST /wd/hub/session/52320588-818b-4a35-b099-37e67f58a2b2/elements [39m[32m200[39m [90m94 ms - 139[39m
[35m[HTTP][39m [90m[39m
[35m[HTTP][39m [37m-->[39m [37mGET[39m [37m/wd/hub/session/52320588-818b-4a35-b099-37e67f58a2b2/window/rect[39m
[35m[HTTP][39m [90m{}[39m
[35m[HTTP][39m [37m<-- GET /wd/hub/session/52320588-818b-4a35-b099-37e67f58a2b2/window/rect [39m[32m200[39m [90m38 ms - 49[39m
[35m[HTTP][39m [90m[39m
[35m[HTTP][39m [37m-->[39m [37mPOST[39m [37m/wd/hub/session/52320588-818b-4a35-b099-37e67f58a2b2/elements[39m
[35m[HTTP][39m [90m{"using":"accessibility id","value":"Stock"}[39m
[35m[HTTP][39m [37m<-- POST /wd/hub/session/52320588-818b-4a35-b099-37e67f58a2b2/elements [39m[32m200[39m [90m75 ms - 139[39m
[35m[HTTP][39m [90m[39m
[35m[HTTP][39m [37m-->[39m [37mGET[39m [37m/wd/hub/session/52320588-818b-4a35-b099-37e67f58a2b2/element/32e94eb2-afe1-4303-bed9-32c9371f95d4/location[39m
[35m[HTTP][39m [90m{}[39m
[35m[W3C (52320588)][39m Driver proxy active, passing request on via HTTP proxy
[35m[WD Proxy][39m Replacing sessionId bab5cb95-a021-44fd-a897-9bd969f3a09c with 52320588-818b-4a35-b099-37e67f58a2b2
[35m[HTTP][39m [37m<-- GET /wd/hub/session/52320588-818b-4a35-b099-37e67f58a2b2/element/32e94eb2-afe1-4303-bed9-32c9371f95d4/location [39m[32m200[39m [90m59 ms - 76[39m
[35m[HTTP][39m [90m[39m
[35m[HTTP][39m [37m-->[39m [37mPOST[39m [37m/wd/hub/session/52320588-818b-4a35-b099-37e67f58a2b2/touch/perform[39m
[35m[HTTP][39m [90m{"actions":[{"action":"longPress","options":{"element":"32e94eb2-afe1-4303-bed9-32c9371f95d4"}},{"action":"release","options":{}}]}[39m
[35m[UiAutomator2][39m calling get location: 32e94eb2-afe1-4303-bed9-32c9371f95d4
[35m[HTTP][39m [37m<-- POST /wd/hub/session/52320588-818b-4a35-b099-37e67f58a2b2/touch/perform [39m[32m200[39m [90m2708 ms - 14[39m
[35m[HTTP][39m [90m[39m
[35m[HTTP][39m [37m-->[39m [37mGET[39m [37m/wd/hub/session/52320588-818b-4a35-b099-37e67f58a2b2/source[39m
[35m[HTTP][39m [90m{}[39m
[35m[W3C (52320588)][39m Driver proxy active, passing request on via HTTP proxy
[35m[WD Proxy][39m Replacing sessionId bab5cb95-a021-44fd-a897-9bd969f3a09c with 52320588-818b-4a35-b099-37e67f58a2b2
[35m[HTTP][39m [37m<-- GET /wd/hub/session/52320588-818b-4a35-b099-37e67f58a2b2/source [39m[32m200[39m [90m642 ms - 19715[39m
[35m[HTTP][39m [90m[39m
[35m[HTTP][39m [37m-->[39m [37mGET[39m [37m/wd/hub/session/52320588-818b-4a35-b099-37e67f58a2b2/screenshot[39m
[35m[HTTP][39m [90m{}[39m
[35m[HTTP][39m [37m<-- GET /wd/hub/session/52320588-818b-4a35-b099-37e67f58a2b2/screenshot [39m[32m200[39m [90m621 ms - 173846[39m
[35m[HTTP][39m [90m[39m
[35m[HTTP][39m [37m-->[39m [37mPOST[39m [37m/wd/hub/session/52320588-818b-4a35-b099-37e67f58a2b2/elements[39m
[35m[HTTP][39m [90m{"using":"xpath","value":"//*[@class = 'android.view.View' and (@text = 'SHINHAN EQUITY GROWTH, Shinhan Asset Management Indonesia, PT\n47.17\n%\nper year\nAUM (Billion)\nRp￼\n 18,661' or . = 'SHINHAN EQUITY GROWTH, Shinhan Asset Management Indonesia, PT\n47.17\n%\nper year\nAUM (Billion)\nRp￼\n 18,661') and @resource-id = '']"}[39m
[35m[HTTP][39m [37m<-- POST /wd/hub/session/52320588-818b-4a35-b099-37e67f58a2b2/elements [39m[32m200[39m [90m304 ms - 139[39m
[35m[HTTP][39m [90m[39m
[35m[HTTP][39m [37m-->[39m [37mGET[39m [37m/wd/hub/session/52320588-818b-4a35-b099-37e67f58a2b2/window/rect[39m
[35m[HTTP][39m [90m{}[39m
[35m[HTTP][39m [37m<-- GET /wd/hub/session/52320588-818b-4a35-b099-37e67f58a2b2/window/rect [39m[32m200[39m [90m28 ms - 49[39m
[35m[HTTP][39m [90m[39m
[35m[HTTP][39m [37m-->[39m [37mPOST[39m [37m/wd/hub/session/52320588-818b-4a35-b099-37e67f58a2b2/elements[39m
[35m[HTTP][39m [90m{"using":"xpath","value":"//*[@class = 'android.view.View' and (@text = 'SHINHAN EQUITY GROWTH, Shinhan Asset Management Indonesia, PT\n47.17\n%\nper year\nAUM (Billion)\nRp￼\n 18,661' or . = 'SHINHAN EQUITY GROWTH, Shinhan Asset Management Indonesia, PT\n47.17\n%\nper year\nAUM (Billion)\nRp￼\n 18,661') and @resource-id = '']"}[39m
[35m[HTTP][39m [37m<-- POST /wd/hub/session/52320588-818b-4a35-b099-37e67f58a2b2/elements [39m[32m200[39m [90m260 ms - 139[39m
[35m[HTTP][39m [90m[39m
[35m[HTTP][39m [37m-->[39m [37mGET[39m [37m/wd/hub/session/52320588-818b-4a35-b099-37e67f58a2b2/element/b36a6861-1f8a-4635-b8de-78558b77bc6e/location[39m
[35m[HTTP][39m [90m{}[39m
[35m[W3C (52320588)][39m Driver proxy active, passing request on via HTTP proxy
[35m[WD Proxy][39m Replacing sessionId bab5cb95-a021-44fd-a897-9bd969f3a09c with 52320588-818b-4a35-b099-37e67f58a2b2
[35m[HTTP][39m [37m<-- GET /wd/hub/session/52320588-818b-4a35-b099-37e67f58a2b2/element/b36a6861-1f8a-4635-b8de-78558b77bc6e/location [39m[32m200[39m [90m32 ms - 77[39m
[35m[HTTP][39m [90m[39m
[35m[HTTP][39m [37m-->[39m [37mPOST[39m [37m/wd/hub/session/52320588-818b-4a35-b099-37e67f58a2b2/touch/perform[39m
[35m[HTTP][39m [90m{"actions":[{"action":"longPress","options":{"element":"b36a6861-1f8a-4635-b8de-78558b77bc6e"}},{"action":"release","options":{}}]}[39m
[35m[UiAutomator2][39m calling get location: b36a6861-1f8a-4635-b8de-78558b77bc6e
[35m[HTTP][39m [37m<-- POST /wd/hub/session/52320588-818b-4a35-b099-37e67f58a2b2/touch/perform [39m[32m200[39m [90m2662 ms - 14[39m
[35m[HTTP][39m [90m[39m
[35m[HTTP][39m [37m-->[39m [37mGET[39m [37m/wd/hub/session/52320588-818b-4a35-b099-37e67f58a2b2/source[39m
[35m[HTTP][39m [90m{}[39m
[35m[W3C (52320588)][39m Driver proxy active, passing request on via HTTP proxy
[35m[WD Proxy][39m Replacing sessionId bab5cb95-a021-44fd-a897-9bd969f3a09c with 52320588-818b-4a35-b099-37e67f58a2b2
[35m[HTTP][39m [37m<-- GET /wd/hub/session/52320588-818b-4a35-b099-37e67f58a2b2/source [39m[32m200[39m [90m221 ms - 14908[39m
[35m[HTTP][39m [90m[39m
[35m[HTTP][39m [37m-->[39m [37mGET[39m [37m/wd/hub/session/52320588-818b-4a35-b099-37e67f58a2b2/screenshot[39m
[35m[HTTP][39m [90m{}[39m
[35m[HTTP][39m [37m<-- GET /wd/hub/session/52320588-818b-4a35-b099-37e67f58a2b2/screenshot [39m[32m200[39m [90m661 ms - 148230[39m
[35m[HTTP][39m [90m[39m
[35m[HTTP][39m [37m-->[39m [37mGET[39m [37m/wd/hub/session/52320588-818b-4a35-b099-37e67f58a2b2/source[39m
[35m[HTTP][39m [90m{}[39m
[35m[W3C (52320588)][39m Driver proxy active, passing request on via HTTP proxy
[35m[WD Proxy][39m Replacing sessionId bab5cb95-a021-44fd-a897-9bd969f3a09c with 52320588-818b-4a35-b099-37e67f58a2b2
[35m[HTTP][39m [37m<-- GET /wd/hub/session/52320588-818b-4a35-b099-37e67f58a2b2/source [39m[32m200[39m [90m316 ms - 19663[39m
[35m[HTTP][39m [90m[39m
[35m[HTTP][39m [37m-->[39m [37mGET[39m [37m/wd/hub/session/52320588-818b-4a35-b099-37e67f58a2b2/screenshot[39m
[35m[HTTP][39m [90m{}[39m
[35m[HTTP][39m [37m<-- GET /wd/hub/session/52320588-818b-4a35-b099-37e67f58a2b2/screenshot [39m[32m200[39m [90m688 ms - 174450[39m
[35m[HTTP][39m [90m[39m
[35m[HTTP][39m [37m-->[39m [37mPOST[39m [37m/wd/hub/session/52320588-818b-4a35-b099-37e67f58a2b2/elements[39m
[35m[HTTP][39m [90m{"using":"xpath","value":"//*[@class = 'android.widget.Button' and @resource-id = '' and (@text = '' or . = '')]"}[39m
[35m[HTTP][39m [37m<-- POST /wd/hub/session/52320588-818b-4a35-b099-37e67f58a2b2/elements [39m[32m200[39m [90m215 ms - 395[39m
[35m[HTTP][39m [90m[39m
[35m[HTTP][39m [37m-->[39m [37mPOST[39m [37m/wd/hub/session/52320588-818b-4a35-b099-37e67f58a2b2/elements[39m
[35m[HTTP][39m [90m{"using":"accessibility id","value":"Buy"}[39m
[35m[HTTP][39m [37m<-- POST /wd/hub/session/52320588-818b-4a35-b099-37e67f58a2b2/elements [39m[32m200[39m [90m53 ms - 395[39m
[35m[HTTP][39m [90m[39m
[35m[HTTP][39m [37m-->[39m [37mPOST[39m [37m/wd/hub/session/52320588-818b-4a35-b099-37e67f58a2b2/elements[39m
[35m[HTTP][39m [90m{"using":"-android uiautomator","value":"new UiSelector().className(\"android.widget.Button\").resourceId(\"\")"}[39m
[35m[HTTP][39m [37m<-- POST /wd/hub/session/52320588-818b-4a35-b099-37e67f58a2b2/elements [39m[32m200[39m [90m175 ms - 395[39m
[35m[HTTP][39m [90m[39m
[35m[HTTP][39m [37m-->[39m [37mGET[39m [37m/wd/hub/session/52320588-818b-4a35-b099-37e67f58a2b2/window/rect[39m
[35m[HTTP][39m [90m{}[39m
[35m[HTTP][39m [37m<-- GET /wd/hub/session/52320588-818b-4a35-b099-37e67f58a2b2/window/rect [39m[32m200[39m [90m30 ms - 49[39m
[35m[HTTP][39m [90m[39m
[35m[HTTP][39m [37m-->[39m [37mPOST[39m [37m/wd/hub/session/52320588-818b-4a35-b099-37e67f58a2b2/elements[39m
[35m[HTTP][39m [90m{"using":"xpath","value":"//hierarchy/android.widget.FrameLayout[1]/android.widget.LinearLayout[1]/android.widget.FrameLayout[1]/android.widget.FrameLayout[1]/android.widget.FrameLayout[1]/android.widget.FrameLayout[1]/android.view.View[1]/android.view.View[1]/android.view.View[1]/android.view.View[1]/android.view.View[2]/android.view.View[1]/android.view.View[1]/android.view.View[1]/android.view.View[1]/android.view.View[4]/android.view.View[2]/android.widget.Button[1]"}[39m
[35m[HTTP][39m [37m<-- POST /wd/hub/session/52320588-818b-4a35-b099-37e67f58a2b2/elements [39m[32m200[39m [90m193 ms - 139[39m
[35m[HTTP][39m [90m[39m
[35m[HTTP][39m [37m-->[39m [37mGET[39m [37m/wd/hub/session/52320588-818b-4a35-b099-37e67f58a2b2/element/2ec6e0ca-3fea-48e2-8e48-39f5e5aeee0e/location[39m
[35m[HTTP][39m [90m{}[39m
[35m[W3C (52320588)][39m Driver proxy active, passing request on via HTTP proxy
[35m[WD Proxy][39m Replacing sessionId bab5cb95-a021-44fd-a897-9bd969f3a09c with 52320588-818b-4a35-b099-37e67f58a2b2
[35m[HTTP][39m [37m<-- GET /wd/hub/session/52320588-818b-4a35-b099-37e67f58a2b2/element/2ec6e0ca-3fea-48e2-8e48-39f5e5aeee0e/location [39m[32m200[39m [90m30 ms - 78[39m
[35m[HTTP][39m [90m[39m
[35m[HTTP][39m [37m-->[39m [37mPOST[39m [37m/wd/hub/session/52320588-818b-4a35-b099-37e67f58a2b2/touch/perform[39m
[35m[HTTP][39m [90m{"actions":[{"action":"longPress","options":{"element":"2ec6e0ca-3fea-48e2-8e48-39f5e5aeee0e"}},{"action":"release","options":{}}]}[39m
[35m[UiAutomator2][39m calling get location: 2ec6e0ca-3fea-48e2-8e48-39f5e5aeee0e
[35m[HTTP][39m [37m<-- POST /wd/hub/session/52320588-818b-4a35-b099-37e67f58a2b2/touch/perform [39m[32m200[39m [90m2660 ms - 14[39m
[35m[HTTP][39m [90m[39m
[35m[HTTP][39m [37m-->[39m [37mGET[39m [37m/wd/hub/session/52320588-818b-4a35-b099-37e67f58a2b2/source[39m
[35m[HTTP][39m [90m{}[39m
[35m[W3C (52320588)][39m Driver proxy active, passing request on via HTTP proxy
[35m[WD Proxy][39m Replacing sessionId bab5cb95-a021-44fd-a897-9bd969f3a09c with 52320588-818b-4a35-b099-37e67f58a2b2
[35m[HTTP][39m [37m<-- GET /wd/hub/session/52320588-818b-4a35-b099-37e67f58a2b2/source [39m[32m200[39m [90m239 ms - 15697[39m
[35m[HTTP][39m [90m[39m
[35m[HTTP][39m [37m-->[39m [37mGET[39m [37m/wd/hub/session/52320588-818b-4a35-b099-37e67f58a2b2/screenshot[39m
[35m[HTTP][39m [90m{}[39m
[35m[HTTP][39m [37m<-- GET /wd/hub/session/52320588-818b-4a35-b099-37e67f58a2b2/screenshot [39m[32m200[39m [90m629 ms - 138952[39m
[35m[HTTP][39m [90m[39m
[35m[HTTP][39m [37m-->[39m [37mDELETE[39m [37m/wd/hub/session/52320588-818b-4a35-b099-37e67f58a2b2[39m
[35m[HTTP][39m [90m{}[39m
[35m[Appium][39m Removing session 52320588-818b-4a35-b099-37e67f58a2b2 from our master session list
[35m[UiAutomator2][39m Restoring hidden api policy to the device default configuration
[35m[HTTP][39m [37m<-- DELETE /wd/hub/session/52320588-818b-4a35-b099-37e67f58a2b2 [39m[32m200[39m [90m534 ms - 14[39m
[35m[HTTP][39m [90m[39m
